The system is: Linux - 4.17.4-aufs - x86_64
Compiling the C compiler identification source file "CMakeCCompilerId.c" succeeded.
Compiler: /usr/bin/cc 
Build flags: 
Id flags:  

The output was:
0


Compilation of the C compiler identification source "CMakeCCompilerId.c" produced "a.out"

The C compiler identification is GNU, found in "/mnt/Volume_3/Gentoo/projects/CPlus/ImageView/build/CMakeFiles/3.13.2/CompilerIdC/a.out"

Compiling the CXX compiler identification source file "CMakeCXXCompilerId.cpp" succeeded.
Compiler: /usr/bin/c++ 
Build flags: 
Id flags:  

The output was:
0


Compilation of the CXX compiler identification source "CMakeCXXCompilerId.cpp" produced "a.out"

The CXX compiler identification is GNU, found in "/mnt/Volume_3/Gentoo/projects/CPlus/ImageView/build/CMakeFiles/3.13.2/CompilerIdCXX/a.out"

Determining if the C compiler works passed with the following output:
Change Dir: /mnt/Volume_3/Gentoo/projects/CPlus/ImageView/build/CMakeFiles/CMakeTmp

Run Build Command:"/usr/bin/gmake" "cmTC_63000/fast"
/usr/bin/gmake -f CMakeFiles/cmTC_63000.dir/build.make CMakeFiles/cmTC_63000.dir/build
gmake[1]: Entering directory '/mnt/Volume_3/Gentoo/projects/CPlus/ImageView/build/CMakeFiles/CMakeTmp'
Building C object CMakeFiles/cmTC_63000.dir/testCCompiler.c.o
/usr/bin/cc    -o CMakeFiles/cmTC_63000.dir/testCCompiler.c.o   -c /mnt/Volume_3/Gentoo/projects/CPlus/ImageView/build/CMakeFiles/CMakeTmp/testCCompiler.c
Linking C executable cmTC_63000
/usr/bin/cmake -E cmake_link_script CMakeFiles/cmTC_63000.dir/link.txt --verbose=1
/usr/bin/cc      -rdynamic CMakeFiles/cmTC_63000.dir/testCCompiler.c.o  -o cmTC_63000 
gmake[1]: Leaving directory '/mnt/Volume_3/Gentoo/projects/CPlus/ImageView/build/CMakeFiles/CMakeTmp'


Detecting C compiler ABI info compiled with the following output:
Change Dir: /mnt/Volume_3/Gentoo/projects/CPlus/ImageView/build/CMakeFiles/CMakeTmp

Run Build Command:"/usr/bin/gmake" "cmTC_ca025/fast"
/usr/bin/gmake -f CMakeFiles/cmTC_ca025.dir/build.make CMakeFiles/cmTC_ca025.dir/build
gmake[1]: Entering directory '/mnt/Volume_3/Gentoo/projects/CPlus/ImageView/build/CMakeFiles/CMakeTmp'
Building C object CMakeFiles/cmTC_ca025.dir/CMakeCCompilerABI.c.o
/usr/bin/cc    -o CMakeFiles/cmTC_ca025.dir/CMakeCCompilerABI.c.o   -c /usr/share/cmake/Modules/CMakeCCompilerABI.c
Linking C executable cmTC_ca025
/usr/bin/cmake -E cmake_link_script CMakeFiles/cmTC_ca025.dir/link.txt --verbose=1
/usr/bin/cc     -v -rdynamic CMakeFiles/cmTC_ca025.dir/CMakeCCompilerABI.c.o  -o cmTC_ca025 
Using built-in specs.
COLLECT_GCC=/usr/bin/cc
COLLECT_LTO_WRAPPER=/usr/libexec/gcc/x86_64-pc-linux-gnu/7.4.0/lto-wrapper
Target: x86_64-pc-linux-gnu
Configured with: /mnt/Volume_3/Gentoo/temp/portage/sys-devel/gcc-7.4.0/work/gcc-7.4.0/configure --host=x86_64-pc-linux-gnu --build=x86_64-pc-linux-gnu --prefix=/usr --bindir=/usr/x86_64-pc-linux-gnu/gcc-bin/7.4.0 --includedir=/usr/lib/gcc/x86_64-pc-linux-gnu/7.4.0/include --datadir=/usr/share/gcc-data/x86_64-pc-linux-gnu/7.4.0 --mandir=/usr/share/gcc-data/x86_64-pc-linux-gnu/7.4.0/man --infodir=/usr/share/gcc-data/x86_64-pc-linux-gnu/7.4.0/info --with-gxx-include-dir=/usr/lib/gcc/x86_64-pc-linux-gnu/7.4.0/include/g++-v7 --with-python-dir=/share/gcc-data/x86_64-pc-linux-gnu/7.4.0/python --enable-languages=c,c++,go,fortran --enable-obsolete --enable-secureplt --disable-werror --with-system-zlib --enable-nls --without-included-gettext --enable-checking=release --with-bugurl=https://bugs.gentoo.org/ --with-pkgversion='Gentoo Hardened 7.4.0 p1.1' --enable-esp --enable-libstdcxx-time --disable-libstdcxx-pch --enable-shared --enable-threads=posix --enable-__cxa_atexit --enable-clocale=gnu --enable-multilib --with-multilib-list=m32,m64 --disable-altivec --disable-fixed-point --enable-targets=all --enable-libgomp --disable-libmudflap --disable-libssp --disable-libcilkrts --disable-libmpx --enable-vtable-verify --enable-libvtv --enable-lto --without-isl --disable-libsanitizer --enable-default-pie --enable-default-ssp
Thread model: posix
gcc version 7.4.0 (Gentoo Hardened 7.4.0 p1.1) 
COMPILER_PATH=/usr/libexec/gcc/x86_64-pc-linux-gnu/7.4.0/:/usr/libexec/gcc/x86_64-pc-linux-gnu/7.4.0/:/usr/libexec/gcc/x86_64-pc-linux-gnu/:/usr/lib/gcc/x86_64-pc-linux-gnu/7.4.0/:/usr/lib/gcc/x86_64-pc-linux-gnu/:/usr/lib/gcc/x86_64-pc-linux-gnu/7.4.0/../../../../x86_64-pc-linux-gnu/bin/
LIBRARY_PATH=/usr/lib/gcc/x86_64-pc-linux-gnu/7.4.0/:/usr/lib/gcc/x86_64-pc-linux-gnu/7.4.0/../../../../lib64/:/lib/../lib64/:/usr/lib/../lib64/:/usr/lib/gcc/x86_64-pc-linux-gnu/7.4.0/../../../../x86_64-pc-linux-gnu/lib/:/usr/lib/gcc/x86_64-pc-linux-gnu/7.4.0/../../../:/lib/:/usr/lib/
COLLECT_GCC_OPTIONS='-v' '-rdynamic' '-o' 'cmTC_ca025' '-mtune=generic' '-march=x86-64'
 /usr/libexec/gcc/x86_64-pc-linux-gnu/7.4.0/collect2 -plugin /usr/libexec/gcc/x86_64-pc-linux-gnu/7.4.0/liblto_plugin.so -plugin-opt=/usr/libexec/gcc/x86_64-pc-linux-gnu/7.4.0/lto-wrapper -plugin-opt=-fresolution=/tmp/cc4Q3t5S.res -plugin-opt=-pass-through=-lgcc -plugin-opt=-pass-through=-lgcc_s -plugin-opt=-pass-through=-lc -plugin-opt=-pass-through=-lgcc -plugin-opt=-pass-through=-lgcc_s --eh-frame-hdr -m elf_x86_64 -export-dynamic -dynamic-linker /lib64/ld-linux-x86-64.so.2 -pie -z now -o cmTC_ca025 /usr/lib/gcc/x86_64-pc-linux-gnu/7.4.0/../../../../lib64/Scrt1.o /usr/lib/gcc/x86_64-pc-linux-gnu/7.4.0/../../../../lib64/crti.o /usr/lib/gcc/x86_64-pc-linux-gnu/7.4.0/crtbeginS.o -L/usr/lib/gcc/x86_64-pc-linux-gnu/7.4.0 -L/usr/lib/gcc/x86_64-pc-linux-gnu/7.4.0/../../../../lib64 -L/lib/../lib64 -L/usr/lib/../lib64 -L/usr/lib/gcc/x86_64-pc-linux-gnu/7.4.0/../../../../x86_64-pc-linux-gnu/lib -L/usr/lib/gcc/x86_64-pc-linux-gnu/7.4.0/../../.. CMakeFiles/cmTC_ca025.dir/CMakeCCompilerABI.c.o -lgcc --as-needed -lgcc_s --no-as-needed -lc -lgcc --as-needed -lgcc_s --no-as-needed /usr/lib/gcc/x86_64-pc-linux-gnu/7.4.0/crtendS.o /usr/lib/gcc/x86_64-pc-linux-gnu/7.4.0/../../../../lib64/crtn.o
COLLECT_GCC_OPTIONS='-v' '-rdynamic' '-o' 'cmTC_ca025' '-mtune=generic' '-march=x86-64'
gmake[1]: Leaving directory '/mnt/Volume_3/Gentoo/projects/CPlus/ImageView/build/CMakeFiles/CMakeTmp'


Parsed C implicit link information from above output:
  link line regex: [^( *|.*[/\])(ld|CMAKE_LINK_STARTFILE-NOTFOUND|([^/\]+-)?ld|collect2)[^/\]*( |$)]
  ignore line: [Change Dir: /mnt/Volume_3/Gentoo/projects/CPlus/ImageView/build/CMakeFiles/CMakeTmp]
  ignore line: []
  ignore line: [Run Build Command:"/usr/bin/gmake" "cmTC_ca025/fast"]
  ignore line: [/usr/bin/gmake -f CMakeFiles/cmTC_ca025.dir/build.make CMakeFiles/cmTC_ca025.dir/build]
  ignore line: [gmake[1]: Entering directory '/mnt/Volume_3/Gentoo/projects/CPlus/ImageView/build/CMakeFiles/CMakeTmp']
  ignore line: [Building C object CMakeFiles/cmTC_ca025.dir/CMakeCCompilerABI.c.o]
  ignore line: [/usr/bin/cc    -o CMakeFiles/cmTC_ca025.dir/CMakeCCompilerABI.c.o   -c /usr/share/cmake/Modules/CMakeCCompilerABI.c]
  ignore line: [Linking C executable cmTC_ca025]
  ignore line: [/usr/bin/cmake -E cmake_link_script CMakeFiles/cmTC_ca025.dir/link.txt --verbose=1]
  ignore line: [/usr/bin/cc     -v -rdynamic CMakeFiles/cmTC_ca025.dir/CMakeCCompilerABI.c.o  -o cmTC_ca025 ]
  ignore line: [Using built-in specs.]
  ignore line: [COLLECT_GCC=/usr/bin/cc]
  ignore line: [COLLECT_LTO_WRAPPER=/usr/libexec/gcc/x86_64-pc-linux-gnu/7.4.0/lto-wrapper]
  ignore line: [Target: x86_64-pc-linux-gnu]
  ignore line: [Configured with: /mnt/Volume_3/Gentoo/temp/portage/sys-devel/gcc-7.4.0/work/gcc-7.4.0/configure --host=x86_64-pc-linux-gnu --build=x86_64-pc-linux-gnu --prefix=/usr --bindir=/usr/x86_64-pc-linux-gnu/gcc-bin/7.4.0 --includedir=/usr/lib/gcc/x86_64-pc-linux-gnu/7.4.0/include --datadir=/usr/share/gcc-data/x86_64-pc-linux-gnu/7.4.0 --mandir=/usr/share/gcc-data/x86_64-pc-linux-gnu/7.4.0/man --infodir=/usr/share/gcc-data/x86_64-pc-linux-gnu/7.4.0/info --with-gxx-include-dir=/usr/lib/gcc/x86_64-pc-linux-gnu/7.4.0/include/g++-v7 --with-python-dir=/share/gcc-data/x86_64-pc-linux-gnu/7.4.0/python --enable-languages=c,c++,go,fortran --enable-obsolete --enable-secureplt --disable-werror --with-system-zlib --enable-nls --without-included-gettext --enable-checking=release --with-bugurl=https://bugs.gentoo.org/ --with-pkgversion='Gentoo Hardened 7.4.0 p1.1' --enable-esp --enable-libstdcxx-time --disable-libstdcxx-pch --enable-shared --enable-threads=posix --enable-__cxa_atexit --enable-clocale=gnu --enable-multilib --with-multilib-list=m32,m64 --disable-altivec --disable-fixed-point --enable-targets=all --enable-libgomp --disable-libmudflap --disable-libssp --disable-libcilkrts --disable-libmpx --enable-vtable-verify --enable-libvtv --enable-lto --without-isl --disable-libsanitizer --enable-default-pie --enable-default-ssp]
  ignore line: [Thread model: posix]
  ignore line: [gcc version 7.4.0 (Gentoo Hardened 7.4.0 p1.1) ]
  ignore line: [COMPILER_PATH=/usr/libexec/gcc/x86_64-pc-linux-gnu/7.4.0/:/usr/libexec/gcc/x86_64-pc-linux-gnu/7.4.0/:/usr/libexec/gcc/x86_64-pc-linux-gnu/:/usr/lib/gcc/x86_64-pc-linux-gnu/7.4.0/:/usr/lib/gcc/x86_64-pc-linux-gnu/:/usr/lib/gcc/x86_64-pc-linux-gnu/7.4.0/../../../../x86_64-pc-linux-gnu/bin/]
  ignore line: [LIBRARY_PATH=/usr/lib/gcc/x86_64-pc-linux-gnu/7.4.0/:/usr/lib/gcc/x86_64-pc-linux-gnu/7.4.0/../../../../lib64/:/lib/../lib64/:/usr/lib/../lib64/:/usr/lib/gcc/x86_64-pc-linux-gnu/7.4.0/../../../../x86_64-pc-linux-gnu/lib/:/usr/lib/gcc/x86_64-pc-linux-gnu/7.4.0/../../../:/lib/:/usr/lib/]
  ignore line: [COLLECT_GCC_OPTIONS='-v' '-rdynamic' '-o' 'cmTC_ca025' '-mtune=generic' '-march=x86-64']
  link line: [ /usr/libexec/gcc/x86_64-pc-linux-gnu/7.4.0/collect2 -plugin /usr/libexec/gcc/x86_64-pc-linux-gnu/7.4.0/liblto_plugin.so -plugin-opt=/usr/libexec/gcc/x86_64-pc-linux-gnu/7.4.0/lto-wrapper -plugin-opt=-fresolution=/tmp/cc4Q3t5S.res -plugin-opt=-pass-through=-lgcc -plugin-opt=-pass-through=-lgcc_s -plugin-opt=-pass-through=-lc -plugin-opt=-pass-through=-lgcc -plugin-opt=-pass-through=-lgcc_s --eh-frame-hdr -m elf_x86_64 -export-dynamic -dynamic-linker /lib64/ld-linux-x86-64.so.2 -pie -z now -o cmTC_ca025 /usr/lib/gcc/x86_64-pc-linux-gnu/7.4.0/../../../../lib64/Scrt1.o /usr/lib/gcc/x86_64-pc-linux-gnu/7.4.0/../../../../lib64/crti.o /usr/lib/gcc/x86_64-pc-linux-gnu/7.4.0/crtbeginS.o -L/usr/lib/gcc/x86_64-pc-linux-gnu/7.4.0 -L/usr/lib/gcc/x86_64-pc-linux-gnu/7.4.0/../../../../lib64 -L/lib/../lib64 -L/usr/lib/../lib64 -L/usr/lib/gcc/x86_64-pc-linux-gnu/7.4.0/../../../../x86_64-pc-linux-gnu/lib -L/usr/lib/gcc/x86_64-pc-linux-gnu/7.4.0/../../.. CMakeFiles/cmTC_ca025.dir/CMakeCCompilerABI.c.o -lgcc --as-needed -lgcc_s --no-as-needed -lc -lgcc --as-needed -lgcc_s --no-as-needed /usr/lib/gcc/x86_64-pc-linux-gnu/7.4.0/crtendS.o /usr/lib/gcc/x86_64-pc-linux-gnu/7.4.0/../../../../lib64/crtn.o]
    arg [/usr/libexec/gcc/x86_64-pc-linux-gnu/7.4.0/collect2] ==> ignore
    arg [-plugin] ==> ignore
    arg [/usr/libexec/gcc/x86_64-pc-linux-gnu/7.4.0/liblto_plugin.so] ==> ignore
    arg [-plugin-opt=/usr/libexec/gcc/x86_64-pc-linux-gnu/7.4.0/lto-wrapper] ==> ignore
    arg [-plugin-opt=-fresolution=/tmp/cc4Q3t5S.res] ==> ignore
    arg [-plugin-opt=-pass-through=-lgcc] ==> ignore
    arg [-plugin-opt=-pass-through=-lgcc_s] ==> ignore
    arg [-plugin-opt=-pass-through=-lc] ==> ignore
    arg [-plugin-opt=-pass-through=-lgcc] ==> ignore
    arg [-plugin-opt=-pass-through=-lgcc_s] ==> ignore
    arg [--eh-frame-hdr] ==> ignore
    arg [-m] ==> ignore
    arg [elf_x86_64] ==> ignore
    arg [-export-dynamic] ==> ignore
    arg [-dynamic-linker] ==> ignore
    arg [/lib64/ld-linux-x86-64.so.2] ==> ignore
    arg [-pie] ==> ignore
    arg [-znow] ==> ignore
    arg [-o] ==> ignore
    arg [cmTC_ca025] ==> ignore
    arg [/usr/lib/gcc/x86_64-pc-linux-gnu/7.4.0/../../../../lib64/Scrt1.o] ==> ignore
    arg [/usr/lib/gcc/x86_64-pc-linux-gnu/7.4.0/../../../../lib64/crti.o] ==> ignore
    arg [/usr/lib/gcc/x86_64-pc-linux-gnu/7.4.0/crtbeginS.o] ==> ignore
    arg [-L/usr/lib/gcc/x86_64-pc-linux-gnu/7.4.0] ==> dir [/usr/lib/gcc/x86_64-pc-linux-gnu/7.4.0]
    arg [-L/usr/lib/gcc/x86_64-pc-linux-gnu/7.4.0/../../../../lib64] ==> dir [/usr/lib/gcc/x86_64-pc-linux-gnu/7.4.0/../../../../lib64]
    arg [-L/lib/../lib64] ==> dir [/lib/../lib64]
    arg [-L/usr/lib/../lib64] ==> dir [/usr/lib/../lib64]
    arg [-L/usr/lib/gcc/x86_64-pc-linux-gnu/7.4.0/../../../../x86_64-pc-linux-gnu/lib] ==> dir [/usr/lib/gcc/x86_64-pc-linux-gnu/7.4.0/../../../../x86_64-pc-linux-gnu/lib]
    arg [-L/usr/lib/gcc/x86_64-pc-linux-gnu/7.4.0/../../..] ==> dir [/usr/lib/gcc/x86_64-pc-linux-gnu/7.4.0/../../..]
    arg [CMakeFiles/cmTC_ca025.dir/CMakeCCompilerABI.c.o] ==> ignore
    arg [-lgcc] ==> lib [gcc]
    arg [--as-needed] ==> ignore
    arg [-lgcc_s] ==> lib [gcc_s]
    arg [--no-as-needed] ==> ignore
    arg [-lc] ==> lib [c]
    arg [-lgcc] ==> lib [gcc]
    arg [--as-needed] ==> ignore
    arg [-lgcc_s] ==> lib [gcc_s]
    arg [--no-as-needed] ==> ignore
    arg [/usr/lib/gcc/x86_64-pc-linux-gnu/7.4.0/crtendS.o] ==> ignore
    arg [/usr/lib/gcc/x86_64-pc-linux-gnu/7.4.0/../../../../lib64/crtn.o] ==> ignore
  collapse library dir [/usr/lib/gcc/x86_64-pc-linux-gnu/7.4.0] ==> [/usr/lib/gcc/x86_64-pc-linux-gnu/7.4.0]
  collapse library dir [/usr/lib/gcc/x86_64-pc-linux-gnu/7.4.0/../../../../lib64] ==> [/usr/lib64]
  collapse library dir [/lib/../lib64] ==> [/lib64]
  collapse library dir [/usr/lib/../lib64] ==> [/usr/lib64]
  collapse library dir [/usr/lib/gcc/x86_64-pc-linux-gnu/7.4.0/../../../../x86_64-pc-linux-gnu/lib] ==> [/usr/x86_64-pc-linux-gnu/lib]
  collapse library dir [/usr/lib/gcc/x86_64-pc-linux-gnu/7.4.0/../../..] ==> [/usr/lib]
  implicit libs: [gcc;gcc_s;c;gcc;gcc_s]
  implicit dirs: [/usr/lib/gcc/x86_64-pc-linux-gnu/7.4.0;/usr/lib64;/lib64;/usr/x86_64-pc-linux-gnu/lib;/usr/lib]
  implicit fwks: []




Detecting C [-std=c11] compiler features compiled with the following output:
Change Dir: /mnt/Volume_3/Gentoo/projects/CPlus/ImageView/build/CMakeFiles/CMakeTmp

Run Build Command:"/usr/bin/gmake" "cmTC_a3f41/fast"
/usr/bin/gmake -f CMakeFiles/cmTC_a3f41.dir/build.make CMakeFiles/cmTC_a3f41.dir/build
gmake[1]: Entering directory '/mnt/Volume_3/Gentoo/projects/CPlus/ImageView/build/CMakeFiles/CMakeTmp'
Building C object CMakeFiles/cmTC_a3f41.dir/feature_tests.c.o
/usr/bin/cc   -std=c11 -o CMakeFiles/cmTC_a3f41.dir/feature_tests.c.o   -c /mnt/Volume_3/Gentoo/projects/CPlus/ImageView/build/CMakeFiles/feature_tests.c
Linking C executable cmTC_a3f41
/usr/bin/cmake -E cmake_link_script CMakeFiles/cmTC_a3f41.dir/link.txt --verbose=1
/usr/bin/cc      -rdynamic CMakeFiles/cmTC_a3f41.dir/feature_tests.c.o  -o cmTC_a3f41 
gmake[1]: Leaving directory '/mnt/Volume_3/Gentoo/projects/CPlus/ImageView/build/CMakeFiles/CMakeTmp'


    Feature record: C_FEATURE:1c_function_prototypes
    Feature record: C_FEATURE:1c_restrict
    Feature record: C_FEATURE:1c_static_assert
    Feature record: C_FEATURE:1c_variadic_macros


Detecting C [-std=c99] compiler features compiled with the following output:
Change Dir: /mnt/Volume_3/Gentoo/projects/CPlus/ImageView/build/CMakeFiles/CMakeTmp

Run Build Command:"/usr/bin/gmake" "cmTC_31212/fast"
/usr/bin/gmake -f CMakeFiles/cmTC_31212.dir/build.make CMakeFiles/cmTC_31212.dir/build
gmake[1]: Entering directory '/mnt/Volume_3/Gentoo/projects/CPlus/ImageView/build/CMakeFiles/CMakeTmp'
Building C object CMakeFiles/cmTC_31212.dir/feature_tests.c.o
/usr/bin/cc   -std=c99 -o CMakeFiles/cmTC_31212.dir/feature_tests.c.o   -c /mnt/Volume_3/Gentoo/projects/CPlus/ImageView/build/CMakeFiles/feature_tests.c
Linking C executable cmTC_31212
/usr/bin/cmake -E cmake_link_script CMakeFiles/cmTC_31212.dir/link.txt --verbose=1
/usr/bin/cc      -rdynamic CMakeFiles/cmTC_31212.dir/feature_tests.c.o  -o cmTC_31212 
gmake[1]: Leaving directory '/mnt/Volume_3/Gentoo/projects/CPlus/ImageView/build/CMakeFiles/CMakeTmp'


    Feature record: C_FEATURE:1c_function_prototypes
    Feature record: C_FEATURE:1c_restrict
    Feature record: C_FEATURE:0c_static_assert
    Feature record: C_FEATURE:1c_variadic_macros


Detecting C [-std=c90] compiler features compiled with the following output:
Change Dir: /mnt/Volume_3/Gentoo/projects/CPlus/ImageView/build/CMakeFiles/CMakeTmp

Run Build Command:"/usr/bin/gmake" "cmTC_01a38/fast"
/usr/bin/gmake -f CMakeFiles/cmTC_01a38.dir/build.make CMakeFiles/cmTC_01a38.dir/build
gmake[1]: Entering directory '/mnt/Volume_3/Gentoo/projects/CPlus/ImageView/build/CMakeFiles/CMakeTmp'
Building C object CMakeFiles/cmTC_01a38.dir/feature_tests.c.o
/usr/bin/cc   -std=c90 -o CMakeFiles/cmTC_01a38.dir/feature_tests.c.o   -c /mnt/Volume_3/Gentoo/projects/CPlus/ImageView/build/CMakeFiles/feature_tests.c
Linking C executable cmTC_01a38
/usr/bin/cmake -E cmake_link_script CMakeFiles/cmTC_01a38.dir/link.txt --verbose=1
/usr/bin/cc      -rdynamic CMakeFiles/cmTC_01a38.dir/feature_tests.c.o  -o cmTC_01a38 
gmake[1]: Leaving directory '/mnt/Volume_3/Gentoo/projects/CPlus/ImageView/build/CMakeFiles/CMakeTmp'


    Feature record: C_FEATURE:1c_function_prototypes
    Feature record: C_FEATURE:0c_restrict
    Feature record: C_FEATURE:0c_static_assert
    Feature record: C_FEATURE:0c_variadic_macros
Determining if the CXX compiler works passed with the following output:
Change Dir: /mnt/Volume_3/Gentoo/projects/CPlus/ImageView/build/CMakeFiles/CMakeTmp

Run Build Command:"/usr/bin/gmake" "cmTC_00bbf/fast"
/usr/bin/gmake -f CMakeFiles/cmTC_00bbf.dir/build.make CMakeFiles/cmTC_00bbf.dir/build
gmake[1]: Entering directory '/mnt/Volume_3/Gentoo/projects/CPlus/ImageView/build/CMakeFiles/CMakeTmp'
Building CXX object CMakeFiles/cmTC_00bbf.dir/testCXXCompiler.cxx.o
/usr/bin/c++     -o CMakeFiles/cmTC_00bbf.dir/testCXXCompiler.cxx.o -c /mnt/Volume_3/Gentoo/projects/CPlus/ImageView/build/CMakeFiles/CMakeTmp/testCXXCompiler.cxx
Linking CXX executable cmTC_00bbf
/usr/bin/cmake -E cmake_link_script CMakeFiles/cmTC_00bbf.dir/link.txt --verbose=1
/usr/bin/c++       -rdynamic CMakeFiles/cmTC_00bbf.dir/testCXXCompiler.cxx.o  -o cmTC_00bbf 
gmake[1]: Leaving directory '/mnt/Volume_3/Gentoo/projects/CPlus/ImageView/build/CMakeFiles/CMakeTmp'


Detecting CXX compiler ABI info compiled with the following output:
Change Dir: /mnt/Volume_3/Gentoo/projects/CPlus/ImageView/build/CMakeFiles/CMakeTmp

Run Build Command:"/usr/bin/gmake" "cmTC_5f642/fast"
/usr/bin/gmake -f CMakeFiles/cmTC_5f642.dir/build.make CMakeFiles/cmTC_5f642.dir/build
gmake[1]: Entering directory '/mnt/Volume_3/Gentoo/projects/CPlus/ImageView/build/CMakeFiles/CMakeTmp'
Building CXX object CMakeFiles/cmTC_5f642.dir/CMakeCXXCompilerABI.cpp.o
/usr/bin/c++     -o CMakeFiles/cmTC_5f642.dir/CMakeCXXCompilerABI.cpp.o -c /usr/share/cmake/Modules/CMakeCXXCompilerABI.cpp
Linking CXX executable cmTC_5f642
/usr/bin/cmake -E cmake_link_script CMakeFiles/cmTC_5f642.dir/link.txt --verbose=1
/usr/bin/c++      -v -rdynamic CMakeFiles/cmTC_5f642.dir/CMakeCXXCompilerABI.cpp.o  -o cmTC_5f642 
Using built-in specs.
COLLECT_GCC=/usr/bin/c++
COLLECT_LTO_WRAPPER=/usr/libexec/gcc/x86_64-pc-linux-gnu/7.4.0/lto-wrapper
Target: x86_64-pc-linux-gnu
Configured with: /mnt/Volume_3/Gentoo/temp/portage/sys-devel/gcc-7.4.0/work/gcc-7.4.0/configure --host=x86_64-pc-linux-gnu --build=x86_64-pc-linux-gnu --prefix=/usr --bindir=/usr/x86_64-pc-linux-gnu/gcc-bin/7.4.0 --includedir=/usr/lib/gcc/x86_64-pc-linux-gnu/7.4.0/include --datadir=/usr/share/gcc-data/x86_64-pc-linux-gnu/7.4.0 --mandir=/usr/share/gcc-data/x86_64-pc-linux-gnu/7.4.0/man --infodir=/usr/share/gcc-data/x86_64-pc-linux-gnu/7.4.0/info --with-gxx-include-dir=/usr/lib/gcc/x86_64-pc-linux-gnu/7.4.0/include/g++-v7 --with-python-dir=/share/gcc-data/x86_64-pc-linux-gnu/7.4.0/python --enable-languages=c,c++,go,fortran --enable-obsolete --enable-secureplt --disable-werror --with-system-zlib --enable-nls --without-included-gettext --enable-checking=release --with-bugurl=https://bugs.gentoo.org/ --with-pkgversion='Gentoo Hardened 7.4.0 p1.1' --enable-esp --enable-libstdcxx-time --disable-libstdcxx-pch --enable-shared --enable-threads=posix --enable-__cxa_atexit --enable-clocale=gnu --enable-multilib --with-multilib-list=m32,m64 --disable-altivec --disable-fixed-point --enable-targets=all --enable-libgomp --disable-libmudflap --disable-libssp --disable-libcilkrts --disable-libmpx --enable-vtable-verify --enable-libvtv --enable-lto --without-isl --disable-libsanitizer --enable-default-pie --enable-default-ssp
Thread model: posix
gcc version 7.4.0 (Gentoo Hardened 7.4.0 p1.1) 
COMPILER_PATH=/usr/libexec/gcc/x86_64-pc-linux-gnu/7.4.0/:/usr/libexec/gcc/x86_64-pc-linux-gnu/7.4.0/:/usr/libexec/gcc/x86_64-pc-linux-gnu/:/usr/lib/gcc/x86_64-pc-linux-gnu/7.4.0/:/usr/lib/gcc/x86_64-pc-linux-gnu/:/usr/lib/gcc/x86_64-pc-linux-gnu/7.4.0/../../../../x86_64-pc-linux-gnu/bin/
LIBRARY_PATH=/usr/lib/gcc/x86_64-pc-linux-gnu/7.4.0/:/usr/lib/gcc/x86_64-pc-linux-gnu/7.4.0/../../../../lib64/:/lib/../lib64/:/usr/lib/../lib64/:/usr/lib/gcc/x86_64-pc-linux-gnu/7.4.0/../../../../x86_64-pc-linux-gnu/lib/:/usr/lib/gcc/x86_64-pc-linux-gnu/7.4.0/../../../:/lib/:/usr/lib/
COLLECT_GCC_OPTIONS='-v' '-rdynamic' '-o' 'cmTC_5f642' '-shared-libgcc' '-mtune=generic' '-march=x86-64'
 /usr/libexec/gcc/x86_64-pc-linux-gnu/7.4.0/collect2 -plugin /usr/libexec/gcc/x86_64-pc-linux-gnu/7.4.0/liblto_plugin.so -plugin-opt=/usr/libexec/gcc/x86_64-pc-linux-gnu/7.4.0/lto-wrapper -plugin-opt=-fresolution=/tmp/ccP97qPt.res -plugin-opt=-pass-through=-lgcc_s -plugin-opt=-pass-through=-lgcc -plugin-opt=-pass-through=-lc -plugin-opt=-pass-through=-lgcc_s -plugin-opt=-pass-through=-lgcc --eh-frame-hdr -m elf_x86_64 -export-dynamic -dynamic-linker /lib64/ld-linux-x86-64.so.2 -pie -z now -o cmTC_5f642 /usr/lib/gcc/x86_64-pc-linux-gnu/7.4.0/../../../../lib64/Scrt1.o /usr/lib/gcc/x86_64-pc-linux-gnu/7.4.0/../../../../lib64/crti.o /usr/lib/gcc/x86_64-pc-linux-gnu/7.4.0/crtbeginS.o -L/usr/lib/gcc/x86_64-pc-linux-gnu/7.4.0 -L/usr/lib/gcc/x86_64-pc-linux-gnu/7.4.0/../../../../lib64 -L/lib/../lib64 -L/usr/lib/../lib64 -L/usr/lib/gcc/x86_64-pc-linux-gnu/7.4.0/../../../../x86_64-pc-linux-gnu/lib -L/usr/lib/gcc/x86_64-pc-linux-gnu/7.4.0/../../.. CMakeFiles/cmTC_5f642.dir/CMakeCXXCompilerABI.cpp.o -lstdc++ -lm -lgcc_s -lgcc -lc -lgcc_s -lgcc /usr/lib/gcc/x86_64-pc-linux-gnu/7.4.0/crtendS.o /usr/lib/gcc/x86_64-pc-linux-gnu/7.4.0/../../../../lib64/crtn.o
COLLECT_GCC_OPTIONS='-v' '-rdynamic' '-o' 'cmTC_5f642' '-shared-libgcc' '-mtune=generic' '-march=x86-64'
gmake[1]: Leaving directory '/mnt/Volume_3/Gentoo/projects/CPlus/ImageView/build/CMakeFiles/CMakeTmp'


Parsed CXX implicit link information from above output:
  link line regex: [^( *|.*[/\])(ld|CMAKE_LINK_STARTFILE-NOTFOUND|([^/\]+-)?ld|collect2)[^/\]*( |$)]
  ignore line: [Change Dir: /mnt/Volume_3/Gentoo/projects/CPlus/ImageView/build/CMakeFiles/CMakeTmp]
  ignore line: []
  ignore line: [Run Build Command:"/usr/bin/gmake" "cmTC_5f642/fast"]
  ignore line: [/usr/bin/gmake -f CMakeFiles/cmTC_5f642.dir/build.make CMakeFiles/cmTC_5f642.dir/build]
  ignore line: [gmake[1]: Entering directory '/mnt/Volume_3/Gentoo/projects/CPlus/ImageView/build/CMakeFiles/CMakeTmp']
  ignore line: [Building CXX object CMakeFiles/cmTC_5f642.dir/CMakeCXXCompilerABI.cpp.o]
  ignore line: [/usr/bin/c++     -o CMakeFiles/cmTC_5f642.dir/CMakeCXXCompilerABI.cpp.o -c /usr/share/cmake/Modules/CMakeCXXCompilerABI.cpp]
  ignore line: [Linking CXX executable cmTC_5f642]
  ignore line: [/usr/bin/cmake -E cmake_link_script CMakeFiles/cmTC_5f642.dir/link.txt --verbose=1]
  ignore line: [/usr/bin/c++      -v -rdynamic CMakeFiles/cmTC_5f642.dir/CMakeCXXCompilerABI.cpp.o  -o cmTC_5f642 ]
  ignore line: [Using built-in specs.]
  ignore line: [COLLECT_GCC=/usr/bin/c++]
  ignore line: [COLLECT_LTO_WRAPPER=/usr/libexec/gcc/x86_64-pc-linux-gnu/7.4.0/lto-wrapper]
  ignore line: [Target: x86_64-pc-linux-gnu]
  ignore line: [Configured with: /mnt/Volume_3/Gentoo/temp/portage/sys-devel/gcc-7.4.0/work/gcc-7.4.0/configure --host=x86_64-pc-linux-gnu --build=x86_64-pc-linux-gnu --prefix=/usr --bindir=/usr/x86_64-pc-linux-gnu/gcc-bin/7.4.0 --includedir=/usr/lib/gcc/x86_64-pc-linux-gnu/7.4.0/include --datadir=/usr/share/gcc-data/x86_64-pc-linux-gnu/7.4.0 --mandir=/usr/share/gcc-data/x86_64-pc-linux-gnu/7.4.0/man --infodir=/usr/share/gcc-data/x86_64-pc-linux-gnu/7.4.0/info --with-gxx-include-dir=/usr/lib/gcc/x86_64-pc-linux-gnu/7.4.0/include/g++-v7 --with-python-dir=/share/gcc-data/x86_64-pc-linux-gnu/7.4.0/python --enable-languages=c,c++,go,fortran --enable-obsolete --enable-secureplt --disable-werror --with-system-zlib --enable-nls --without-included-gettext --enable-checking=release --with-bugurl=https://bugs.gentoo.org/ --with-pkgversion='Gentoo Hardened 7.4.0 p1.1' --enable-esp --enable-libstdcxx-time --disable-libstdcxx-pch --enable-shared --enable-threads=posix --enable-__cxa_atexit --enable-clocale=gnu --enable-multilib --with-multilib-list=m32,m64 --disable-altivec --disable-fixed-point --enable-targets=all --enable-libgomp --disable-libmudflap --disable-libssp --disable-libcilkrts --disable-libmpx --enable-vtable-verify --enable-libvtv --enable-lto --without-isl --disable-libsanitizer --enable-default-pie --enable-default-ssp]
  ignore line: [Thread model: posix]
  ignore line: [gcc version 7.4.0 (Gentoo Hardened 7.4.0 p1.1) ]
  ignore line: [COMPILER_PATH=/usr/libexec/gcc/x86_64-pc-linux-gnu/7.4.0/:/usr/libexec/gcc/x86_64-pc-linux-gnu/7.4.0/:/usr/libexec/gcc/x86_64-pc-linux-gnu/:/usr/lib/gcc/x86_64-pc-linux-gnu/7.4.0/:/usr/lib/gcc/x86_64-pc-linux-gnu/:/usr/lib/gcc/x86_64-pc-linux-gnu/7.4.0/../../../../x86_64-pc-linux-gnu/bin/]
  ignore line: [LIBRARY_PATH=/usr/lib/gcc/x86_64-pc-linux-gnu/7.4.0/:/usr/lib/gcc/x86_64-pc-linux-gnu/7.4.0/../../../../lib64/:/lib/../lib64/:/usr/lib/../lib64/:/usr/lib/gcc/x86_64-pc-linux-gnu/7.4.0/../../../../x86_64-pc-linux-gnu/lib/:/usr/lib/gcc/x86_64-pc-linux-gnu/7.4.0/../../../:/lib/:/usr/lib/]
  ignore line: [COLLECT_GCC_OPTIONS='-v' '-rdynamic' '-o' 'cmTC_5f642' '-shared-libgcc' '-mtune=generic' '-march=x86-64']
  link line: [ /usr/libexec/gcc/x86_64-pc-linux-gnu/7.4.0/collect2 -plugin /usr/libexec/gcc/x86_64-pc-linux-gnu/7.4.0/liblto_plugin.so -plugin-opt=/usr/libexec/gcc/x86_64-pc-linux-gnu/7.4.0/lto-wrapper -plugin-opt=-fresolution=/tmp/ccP97qPt.res -plugin-opt=-pass-through=-lgcc_s -plugin-opt=-pass-through=-lgcc -plugin-opt=-pass-through=-lc -plugin-opt=-pass-through=-lgcc_s -plugin-opt=-pass-through=-lgcc --eh-frame-hdr -m elf_x86_64 -export-dynamic -dynamic-linker /lib64/ld-linux-x86-64.so.2 -pie -z now -o cmTC_5f642 /usr/lib/gcc/x86_64-pc-linux-gnu/7.4.0/../../../../lib64/Scrt1.o /usr/lib/gcc/x86_64-pc-linux-gnu/7.4.0/../../../../lib64/crti.o /usr/lib/gcc/x86_64-pc-linux-gnu/7.4.0/crtbeginS.o -L/usr/lib/gcc/x86_64-pc-linux-gnu/7.4.0 -L/usr/lib/gcc/x86_64-pc-linux-gnu/7.4.0/../../../../lib64 -L/lib/../lib64 -L/usr/lib/../lib64 -L/usr/lib/gcc/x86_64-pc-linux-gnu/7.4.0/../../../../x86_64-pc-linux-gnu/lib -L/usr/lib/gcc/x86_64-pc-linux-gnu/7.4.0/../../.. CMakeFiles/cmTC_5f642.dir/CMakeCXXCompilerABI.cpp.o -lstdc++ -lm -lgcc_s -lgcc -lc -lgcc_s -lgcc /usr/lib/gcc/x86_64-pc-linux-gnu/7.4.0/crtendS.o /usr/lib/gcc/x86_64-pc-linux-gnu/7.4.0/../../../../lib64/crtn.o]
    arg [/usr/libexec/gcc/x86_64-pc-linux-gnu/7.4.0/collect2] ==> ignore
    arg [-plugin] ==> ignore
    arg [/usr/libexec/gcc/x86_64-pc-linux-gnu/7.4.0/liblto_plugin.so] ==> ignore
    arg [-plugin-opt=/usr/libexec/gcc/x86_64-pc-linux-gnu/7.4.0/lto-wrapper] ==> ignore
    arg [-plugin-opt=-fresolution=/tmp/ccP97qPt.res] ==> ignore
    arg [-plugin-opt=-pass-through=-lgcc_s] ==> ignore
    arg [-plugin-opt=-pass-through=-lgcc] ==> ignore
    arg [-plugin-opt=-pass-through=-lc] ==> ignore
    arg [-plugin-opt=-pass-through=-lgcc_s] ==> ignore
    arg [-plugin-opt=-pass-through=-lgcc] ==> ignore
    arg [--eh-frame-hdr] ==> ignore
    arg [-m] ==> ignore
    arg [elf_x86_64] ==> ignore
    arg [-export-dynamic] ==> ignore
    arg [-dynamic-linker] ==> ignore
    arg [/lib64/ld-linux-x86-64.so.2] ==> ignore
    arg [-pie] ==> ignore
    arg [-znow] ==> ignore
    arg [-o] ==> ignore
    arg [cmTC_5f642] ==> ignore
    arg [/usr/lib/gcc/x86_64-pc-linux-gnu/7.4.0/../../../../lib64/Scrt1.o] ==> ignore
    arg [/usr/lib/gcc/x86_64-pc-linux-gnu/7.4.0/../../../../lib64/crti.o] ==> ignore
    arg [/usr/lib/gcc/x86_64-pc-linux-gnu/7.4.0/crtbeginS.o] ==> ignore
    arg [-L/usr/lib/gcc/x86_64-pc-linux-gnu/7.4.0] ==> dir [/usr/lib/gcc/x86_64-pc-linux-gnu/7.4.0]
    arg [-L/usr/lib/gcc/x86_64-pc-linux-gnu/7.4.0/../../../../lib64] ==> dir [/usr/lib/gcc/x86_64-pc-linux-gnu/7.4.0/../../../../lib64]
    arg [-L/lib/../lib64] ==> dir [/lib/../lib64]
    arg [-L/usr/lib/../lib64] ==> dir [/usr/lib/../lib64]
    arg [-L/usr/lib/gcc/x86_64-pc-linux-gnu/7.4.0/../../../../x86_64-pc-linux-gnu/lib] ==> dir [/usr/lib/gcc/x86_64-pc-linux-gnu/7.4.0/../../../../x86_64-pc-linux-gnu/lib]
    arg [-L/usr/lib/gcc/x86_64-pc-linux-gnu/7.4.0/../../..] ==> dir [/usr/lib/gcc/x86_64-pc-linux-gnu/7.4.0/../../..]
    arg [CMakeFiles/cmTC_5f642.dir/CMakeCXXCompilerABI.cpp.o] ==> ignore
    arg [-lstdc++] ==> lib [stdc++]
    arg [-lm] ==> lib [m]
    arg [-lgcc_s] ==> lib [gcc_s]
    arg [-lgcc] ==> lib [gcc]
    arg [-lc] ==> lib [c]
    arg [-lgcc_s] ==> lib [gcc_s]
    arg [-lgcc] ==> lib [gcc]
    arg [/usr/lib/gcc/x86_64-pc-linux-gnu/7.4.0/crtendS.o] ==> ignore
    arg [/usr/lib/gcc/x86_64-pc-linux-gnu/7.4.0/../../../../lib64/crtn.o] ==> ignore
  collapse library dir [/usr/lib/gcc/x86_64-pc-linux-gnu/7.4.0] ==> [/usr/lib/gcc/x86_64-pc-linux-gnu/7.4.0]
  collapse library dir [/usr/lib/gcc/x86_64-pc-linux-gnu/7.4.0/../../../../lib64] ==> [/usr/lib64]
  collapse library dir [/lib/../lib64] ==> [/lib64]
  collapse library dir [/usr/lib/../lib64] ==> [/usr/lib64]
  collapse library dir [/usr/lib/gcc/x86_64-pc-linux-gnu/7.4.0/../../../../x86_64-pc-linux-gnu/lib] ==> [/usr/x86_64-pc-linux-gnu/lib]
  collapse library dir [/usr/lib/gcc/x86_64-pc-linux-gnu/7.4.0/../../..] ==> [/usr/lib]
  implicit libs: [stdc++;m;gcc_s;gcc;c;gcc_s;gcc]
  implicit dirs: [/usr/lib/gcc/x86_64-pc-linux-gnu/7.4.0;/usr/lib64;/lib64;/usr/x86_64-pc-linux-gnu/lib;/usr/lib]
  implicit fwks: []




Detecting CXX [-std=c++1z] compiler features compiled with the following output:
Change Dir: /mnt/Volume_3/Gentoo/projects/CPlus/ImageView/build/CMakeFiles/CMakeTmp

Run Build Command:"/usr/bin/gmake" "cmTC_1f5cd/fast"
/usr/bin/gmake -f CMakeFiles/cmTC_1f5cd.dir/build.make CMakeFiles/cmTC_1f5cd.dir/build
gmake[1]: Entering directory '/mnt/Volume_3/Gentoo/projects/CPlus/ImageView/build/CMakeFiles/CMakeTmp'
Building CXX object CMakeFiles/cmTC_1f5cd.dir/feature_tests.cxx.o
/usr/bin/c++    -std=c++1z -o CMakeFiles/cmTC_1f5cd.dir/feature_tests.cxx.o -c /mnt/Volume_3/Gentoo/projects/CPlus/ImageView/build/CMakeFiles/feature_tests.cxx
Linking CXX executable cmTC_1f5cd
/usr/bin/cmake -E cmake_link_script CMakeFiles/cmTC_1f5cd.dir/link.txt --verbose=1
/usr/bin/c++       -rdynamic CMakeFiles/cmTC_1f5cd.dir/feature_tests.cxx.o  -o cmTC_1f5cd 
gmake[1]: Leaving directory '/mnt/Volume_3/Gentoo/projects/CPlus/ImageView/build/CMakeFiles/CMakeTmp'


    Feature record: CXX_FEATURE:1cxx_aggregate_default_initializers
    Feature record: CXX_FEATURE:1cxx_alias_templates
    Feature record: CXX_FEATURE:1cxx_alignas
    Feature record: CXX_FEATURE:1cxx_alignof
    Feature record: CXX_FEATURE:1cxx_attributes
    Feature record: CXX_FEATURE:1cxx_attribute_deprecated
    Feature record: CXX_FEATURE:1cxx_auto_type
    Feature record: CXX_FEATURE:1cxx_binary_literals
    Feature record: CXX_FEATURE:1cxx_constexpr
    Feature record: CXX_FEATURE:1cxx_contextual_conversions
    Feature record: CXX_FEATURE:1cxx_decltype
    Feature record: CXX_FEATURE:1cxx_decltype_auto
    Feature record: CXX_FEATURE:1cxx_decltype_incomplete_return_types
    Feature record: CXX_FEATURE:1cxx_default_function_template_args
    Feature record: CXX_FEATURE:1cxx_defaulted_functions
    Feature record: CXX_FEATURE:1cxx_defaulted_move_initializers
    Feature record: CXX_FEATURE:1cxx_delegating_constructors
    Feature record: CXX_FEATURE:1cxx_deleted_functions
    Feature record: CXX_FEATURE:1cxx_digit_separators
    Feature record: CXX_FEATURE:1cxx_enum_forward_declarations
    Feature record: CXX_FEATURE:1cxx_explicit_conversions
    Feature record: CXX_FEATURE:1cxx_extended_friend_declarations
    Feature record: CXX_FEATURE:1cxx_extern_templates
    Feature record: CXX_FEATURE:1cxx_final
    Feature record: CXX_FEATURE:1cxx_func_identifier
    Feature record: CXX_FEATURE:1cxx_generalized_initializers
    Feature record: CXX_FEATURE:1cxx_generic_lambdas
    Feature record: CXX_FEATURE:1cxx_inheriting_constructors
    Feature record: CXX_FEATURE:1cxx_inline_namespaces
    Feature record: CXX_FEATURE:1cxx_lambdas
    Feature record: CXX_FEATURE:1cxx_lambda_init_captures
    Feature record: CXX_FEATURE:1cxx_local_type_template_args
    Feature record: CXX_FEATURE:1cxx_long_long_type
    Feature record: CXX_FEATURE:1cxx_noexcept
    Feature record: CXX_FEATURE:1cxx_nonstatic_member_init
    Feature record: CXX_FEATURE:1cxx_nullptr
    Feature record: CXX_FEATURE:1cxx_override
    Feature record: CXX_FEATURE:1cxx_range_for
    Feature record: CXX_FEATURE:1cxx_raw_string_literals
    Feature record: CXX_FEATURE:1cxx_reference_qualified_functions
    Feature record: CXX_FEATURE:1cxx_relaxed_constexpr
    Feature record: CXX_FEATURE:1cxx_return_type_deduction
    Feature record: CXX_FEATURE:1cxx_right_angle_brackets
    Feature record: CXX_FEATURE:1cxx_rvalue_references
    Feature record: CXX_FEATURE:1cxx_sizeof_member
    Feature record: CXX_FEATURE:1cxx_static_assert
    Feature record: CXX_FEATURE:1cxx_strong_enums
    Feature record: CXX_FEATURE:1cxx_template_template_parameters
    Feature record: CXX_FEATURE:1cxx_thread_local
    Feature record: CXX_FEATURE:1cxx_trailing_return_types
    Feature record: CXX_FEATURE:1cxx_unicode_literals
    Feature record: CXX_FEATURE:1cxx_uniform_initialization
    Feature record: CXX_FEATURE:1cxx_unrestricted_unions
    Feature record: CXX_FEATURE:1cxx_user_literals
    Feature record: CXX_FEATURE:1cxx_variable_templates
    Feature record: CXX_FEATURE:1cxx_variadic_macros
    Feature record: CXX_FEATURE:1cxx_variadic_templates


Detecting CXX [-std=c++14] compiler features compiled with the following output:
Change Dir: /mnt/Volume_3/Gentoo/projects/CPlus/ImageView/build/CMakeFiles/CMakeTmp

Run Build Command:"/usr/bin/gmake" "cmTC_19ee5/fast"
/usr/bin/gmake -f CMakeFiles/cmTC_19ee5.dir/build.make CMakeFiles/cmTC_19ee5.dir/build
gmake[1]: Entering directory '/mnt/Volume_3/Gentoo/projects/CPlus/ImageView/build/CMakeFiles/CMakeTmp'
Building CXX object CMakeFiles/cmTC_19ee5.dir/feature_tests.cxx.o
/usr/bin/c++    -std=c++14 -o CMakeFiles/cmTC_19ee5.dir/feature_tests.cxx.o -c /mnt/Volume_3/Gentoo/projects/CPlus/ImageView/build/CMakeFiles/feature_tests.cxx
Linking CXX executable cmTC_19ee5
/usr/bin/cmake -E cmake_link_script CMakeFiles/cmTC_19ee5.dir/link.txt --verbose=1
/usr/bin/c++       -rdynamic CMakeFiles/cmTC_19ee5.dir/feature_tests.cxx.o  -o cmTC_19ee5 
gmake[1]: Leaving directory '/mnt/Volume_3/Gentoo/projects/CPlus/ImageView/build/CMakeFiles/CMakeTmp'


    Feature record: CXX_FEATURE:1cxx_aggregate_default_initializers
    Feature record: CXX_FEATURE:1cxx_alias_templates
    Feature record: CXX_FEATURE:1cxx_alignas
    Feature record: CXX_FEATURE:1cxx_alignof
    Feature record: CXX_FEATURE:1cxx_attributes
    Feature record: CXX_FEATURE:1cxx_attribute_deprecated
    Feature record: CXX_FEATURE:1cxx_auto_type
    Feature record: CXX_FEATURE:1cxx_binary_literals
    Feature record: CXX_FEATURE:1cxx_constexpr
    Feature record: CXX_FEATURE:1cxx_contextual_conversions
    Feature record: CXX_FEATURE:1cxx_decltype
    Feature record: CXX_FEATURE:1cxx_decltype_auto
    Feature record: CXX_FEATURE:1cxx_decltype_incomplete_return_types
    Feature record: CXX_FEATURE:1cxx_default_function_template_args
    Feature record: CXX_FEATURE:1cxx_defaulted_functions
    Feature record: CXX_FEATURE:1cxx_defaulted_move_initializers
    Feature record: CXX_FEATURE:1cxx_delegating_constructors
    Feature record: CXX_FEATURE:1cxx_deleted_functions
    Feature record: CXX_FEATURE:1cxx_digit_separators
    Feature record: CXX_FEATURE:1cxx_enum_forward_declarations
    Feature record: CXX_FEATURE:1cxx_explicit_conversions
    Feature record: CXX_FEATURE:1cxx_extended_friend_declarations
    Feature record: CXX_FEATURE:1cxx_extern_templates
    Feature record: CXX_FEATURE:1cxx_final
    Feature record: CXX_FEATURE:1cxx_func_identifier
    Feature record: CXX_FEATURE:1cxx_generalized_initializers
    Feature record: CXX_FEATURE:1cxx_generic_lambdas
    Feature record: CXX_FEATURE:1cxx_inheriting_constructors
    Feature record: CXX_FEATURE:1cxx_inline_namespaces
    Feature record: CXX_FEATURE:1cxx_lambdas
    Feature record: CXX_FEATURE:1cxx_lambda_init_captures
    Feature record: CXX_FEATURE:1cxx_local_type_template_args
    Feature record: CXX_FEATURE:1cxx_long_long_type
    Feature record: CXX_FEATURE:1cxx_noexcept
    Feature record: CXX_FEATURE:1cxx_nonstatic_member_init
    Feature record: CXX_FEATURE:1cxx_nullptr
    Feature record: CXX_FEATURE:1cxx_override
    Feature record: CXX_FEATURE:1cxx_range_for
    Feature record: CXX_FEATURE:1cxx_raw_string_literals
    Feature record: CXX_FEATURE:1cxx_reference_qualified_functions
    Feature record: CXX_FEATURE:1cxx_relaxed_constexpr
    Feature record: CXX_FEATURE:1cxx_return_type_deduction
    Feature record: CXX_FEATURE:1cxx_right_angle_brackets
    Feature record: CXX_FEATURE:1cxx_rvalue_references
    Feature record: CXX_FEATURE:1cxx_sizeof_member
    Feature record: CXX_FEATURE:1cxx_static_assert
    Feature record: CXX_FEATURE:1cxx_strong_enums
    Feature record: CXX_FEATURE:1cxx_template_template_parameters
    Feature record: CXX_FEATURE:1cxx_thread_local
    Feature record: CXX_FEATURE:1cxx_trailing_return_types
    Feature record: CXX_FEATURE:1cxx_unicode_literals
    Feature record: CXX_FEATURE:1cxx_uniform_initialization
    Feature record: CXX_FEATURE:1cxx_unrestricted_unions
    Feature record: CXX_FEATURE:1cxx_user_literals
    Feature record: CXX_FEATURE:1cxx_variable_templates
    Feature record: CXX_FEATURE:1cxx_variadic_macros
    Feature record: CXX_FEATURE:1cxx_variadic_templates


Detecting CXX [-std=c++11] compiler features compiled with the following output:
Change Dir: /mnt/Volume_3/Gentoo/projects/CPlus/ImageView/build/CMakeFiles/CMakeTmp

Run Build Command:"/usr/bin/gmake" "cmTC_d36b4/fast"
/usr/bin/gmake -f CMakeFiles/cmTC_d36b4.dir/build.make CMakeFiles/cmTC_d36b4.dir/build
gmake[1]: Entering directory '/mnt/Volume_3/Gentoo/projects/CPlus/ImageView/build/CMakeFiles/CMakeTmp'
Building CXX object CMakeFiles/cmTC_d36b4.dir/feature_tests.cxx.o
/usr/bin/c++    -std=c++11 -o CMakeFiles/cmTC_d36b4.dir/feature_tests.cxx.o -c /mnt/Volume_3/Gentoo/projects/CPlus/ImageView/build/CMakeFiles/feature_tests.cxx
Linking CXX executable cmTC_d36b4
/usr/bin/cmake -E cmake_link_script CMakeFiles/cmTC_d36b4.dir/link.txt --verbose=1
/usr/bin/c++       -rdynamic CMakeFiles/cmTC_d36b4.dir/feature_tests.cxx.o  -o cmTC_d36b4 
gmake[1]: Leaving directory '/mnt/Volume_3/Gentoo/projects/CPlus/ImageView/build/CMakeFiles/CMakeTmp'


    Feature record: CXX_FEATURE:0cxx_aggregate_default_initializers
    Feature record: CXX_FEATURE:1cxx_alias_templates
    Feature record: CXX_FEATURE:1cxx_alignas
    Feature record: CXX_FEATURE:1cxx_alignof
    Feature record: CXX_FEATURE:1cxx_attributes
    Feature record: CXX_FEATURE:0cxx_attribute_deprecated
    Feature record: CXX_FEATURE:1cxx_auto_type
    Feature record: CXX_FEATURE:0cxx_binary_literals
    Feature record: CXX_FEATURE:1cxx_constexpr
    Feature record: CXX_FEATURE:0cxx_contextual_conversions
    Feature record: CXX_FEATURE:1cxx_decltype
    Feature record: CXX_FEATURE:0cxx_decltype_auto
    Feature record: CXX_FEATURE:1cxx_decltype_incomplete_return_types
    Feature record: CXX_FEATURE:1cxx_default_function_template_args
    Feature record: CXX_FEATURE:1cxx_defaulted_functions
    Feature record: CXX_FEATURE:1cxx_defaulted_move_initializers
    Feature record: CXX_FEATURE:1cxx_delegating_constructors
    Feature record: CXX_FEATURE:1cxx_deleted_functions
    Feature record: CXX_FEATURE:0cxx_digit_separators
    Feature record: CXX_FEATURE:1cxx_enum_forward_declarations
    Feature record: CXX_FEATURE:1cxx_explicit_conversions
    Feature record: CXX_FEATURE:1cxx_extended_friend_declarations
    Feature record: CXX_FEATURE:1cxx_extern_templates
    Feature record: CXX_FEATURE:1cxx_final
    Feature record: CXX_FEATURE:1cxx_func_identifier
    Feature record: CXX_FEATURE:1cxx_generalized_initializers
    Feature record: CXX_FEATURE:0cxx_generic_lambdas
    Feature record: CXX_FEATURE:1cxx_inheriting_constructors
    Feature record: CXX_FEATURE:1cxx_inline_namespaces
    Feature record: CXX_FEATURE:1cxx_lambdas
    Feature record: CXX_FEATURE:0cxx_lambda_init_captures
    Feature record: CXX_FEATURE:1cxx_local_type_template_args
    Feature record: CXX_FEATURE:1cxx_long_long_type
    Feature record: CXX_FEATURE:1cxx_noexcept
    Feature record: CXX_FEATURE:1cxx_nonstatic_member_init
    Feature record: CXX_FEATURE:1cxx_nullptr
    Feature record: CXX_FEATURE:1cxx_override
    Feature record: CXX_FEATURE:1cxx_range_for
    Feature record: CXX_FEATURE:1cxx_raw_string_literals
    Feature record: CXX_FEATURE:1cxx_reference_qualified_functions
    Feature record: CXX_FEATURE:0cxx_relaxed_constexpr
    Feature record: CXX_FEATURE:0cxx_return_type_deduction
    Feature record: CXX_FEATURE:1cxx_right_angle_brackets
    Feature record: CXX_FEATURE:1cxx_rvalue_references
    Feature record: CXX_FEATURE:1cxx_sizeof_member
    Feature record: CXX_FEATURE:1cxx_static_assert
    Feature record: CXX_FEATURE:1cxx_strong_enums
    Feature record: CXX_FEATURE:1cxx_template_template_parameters
    Feature record: CXX_FEATURE:1cxx_thread_local
    Feature record: CXX_FEATURE:1cxx_trailing_return_types
    Feature record: CXX_FEATURE:1cxx_unicode_literals
    Feature record: CXX_FEATURE:1cxx_uniform_initialization
    Feature record: CXX_FEATURE:1cxx_unrestricted_unions
    Feature record: CXX_FEATURE:1cxx_user_literals
    Feature record: CXX_FEATURE:0cxx_variable_templates
    Feature record: CXX_FEATURE:1cxx_variadic_macros
    Feature record: CXX_FEATURE:1cxx_variadic_templates


Detecting CXX [-std=c++98] compiler features compiled with the following output:
Change Dir: /mnt/Volume_3/Gentoo/projects/CPlus/ImageView/build/CMakeFiles/CMakeTmp

Run Build Command:"/usr/bin/gmake" "cmTC_d18f2/fast"
/usr/bin/gmake -f CMakeFiles/cmTC_d18f2.dir/build.make CMakeFiles/cmTC_d18f2.dir/build
gmake[1]: Entering directory '/mnt/Volume_3/Gentoo/projects/CPlus/ImageView/build/CMakeFiles/CMakeTmp'
Building CXX object CMakeFiles/cmTC_d18f2.dir/feature_tests.cxx.o
/usr/bin/c++    -std=c++98 -o CMakeFiles/cmTC_d18f2.dir/feature_tests.cxx.o -c /mnt/Volume_3/Gentoo/projects/CPlus/ImageView/build/CMakeFiles/feature_tests.cxx
Linking CXX executable cmTC_d18f2
/usr/bin/cmake -E cmake_link_script CMakeFiles/cmTC_d18f2.dir/link.txt --verbose=1
/usr/bin/c++       -rdynamic CMakeFiles/cmTC_d18f2.dir/feature_tests.cxx.o  -o cmTC_d18f2 
gmake[1]: Leaving directory '/mnt/Volume_3/Gentoo/projects/CPlus/ImageView/build/CMakeFiles/CMakeTmp'


    Feature record: CXX_FEATURE:0cxx_aggregate_default_initializers
    Feature record: CXX_FEATURE:0cxx_alias_templates
    Feature record: CXX_FEATURE:0cxx_alignas
    Feature record: CXX_FEATURE:0cxx_alignof
    Feature record: CXX_FEATURE:0cxx_attributes
    Feature record: CXX_FEATURE:0cxx_attribute_deprecated
    Feature record: CXX_FEATURE:0cxx_auto_type
    Feature record: CXX_FEATURE:0cxx_binary_literals
    Feature record: CXX_FEATURE:0cxx_constexpr
    Feature record: CXX_FEATURE:0cxx_contextual_conversions
    Feature record: CXX_FEATURE:0cxx_decltype
    Feature record: CXX_FEATURE:0cxx_decltype_auto
    Feature record: CXX_FEATURE:0cxx_decltype_incomplete_return_types
    Feature record: CXX_FEATURE:0cxx_default_function_template_args
    Feature record: CXX_FEATURE:0cxx_defaulted_functions
    Feature record: CXX_FEATURE:0cxx_defaulted_move_initializers
    Feature record: CXX_FEATURE:0cxx_delegating_constructors
    Feature record: CXX_FEATURE:0cxx_deleted_functions
    Feature record: CXX_FEATURE:0cxx_digit_separators
    Feature record: CXX_FEATURE:0cxx_enum_forward_declarations
    Feature record: CXX_FEATURE:0cxx_explicit_conversions
    Feature record: CXX_FEATURE:0cxx_extended_friend_declarations
    Feature record: CXX_FEATURE:0cxx_extern_templates
    Feature record: CXX_FEATURE:0cxx_final
    Feature record: CXX_FEATURE:0cxx_func_identifier
    Feature record: CXX_FEATURE:0cxx_generalized_initializers
    Feature record: CXX_FEATURE:0cxx_generic_lambdas
    Feature record: CXX_FEATURE:0cxx_inheriting_constructors
    Feature record: CXX_FEATURE:0cxx_inline_namespaces
    Feature record: CXX_FEATURE:0cxx_lambdas
    Feature record: CXX_FEATURE:0cxx_lambda_init_captures
    Feature record: CXX_FEATURE:0cxx_local_type_template_args
    Feature record: CXX_FEATURE:0cxx_long_long_type
    Feature record: CXX_FEATURE:0cxx_noexcept
    Feature record: CXX_FEATURE:0cxx_nonstatic_member_init
    Feature record: CXX_FEATURE:0cxx_nullptr
    Feature record: CXX_FEATURE:0cxx_override
    Feature record: CXX_FEATURE:0cxx_range_for
    Feature record: CXX_FEATURE:0cxx_raw_string_literals
    Feature record: CXX_FEATURE:0cxx_reference_qualified_functions
    Feature record: CXX_FEATURE:0cxx_relaxed_constexpr
    Feature record: CXX_FEATURE:0cxx_return_type_deduction
    Feature record: CXX_FEATURE:0cxx_right_angle_brackets
    Feature record: CXX_FEATURE:0cxx_rvalue_references
    Feature record: CXX_FEATURE:0cxx_sizeof_member
    Feature record: CXX_FEATURE:0cxx_static_assert
    Feature record: CXX_FEATURE:0cxx_strong_enums
    Feature record: CXX_FEATURE:1cxx_template_template_parameters
    Feature record: CXX_FEATURE:0cxx_thread_local
    Feature record: CXX_FEATURE:0cxx_trailing_return_types
    Feature record: CXX_FEATURE:0cxx_unicode_literals
    Feature record: CXX_FEATURE:0cxx_uniform_initialization
    Feature record: CXX_FEATURE:0cxx_unrestricted_unions
    Feature record: CXX_FEATURE:0cxx_user_literals
    Feature record: CXX_FEATURE:0cxx_variable_templates
    Feature record: CXX_FEATURE:0cxx_variadic_macros
    Feature record: CXX_FEATURE:0cxx_variadic_templates
Determining if the __GLIBC__ exist passed with the following output:
Change Dir: /mnt/Volume_3/Gentoo/projects/CPlus/ImageView/build/CMakeFiles/CMakeTmp

Run Build Command:"/usr/bin/gmake" "cmTC_e5669/fast"
gmake[1]: Entering directory '/mnt/Volume_3/Gentoo/projects/CPlus/ImageView/build/CMakeFiles/CMakeTmp'
/usr/bin/gmake -f CMakeFiles/cmTC_e5669.dir/build.make CMakeFiles/cmTC_e5669.dir/build
gmake[2]: Entering directory '/mnt/Volume_3/Gentoo/projects/CPlus/ImageView/build/CMakeFiles/CMakeTmp'
Building C object CMakeFiles/cmTC_e5669.dir/CheckSymbolExists.c.o
/usr/bin/cc    -o CMakeFiles/cmTC_e5669.dir/CheckSymbolExists.c.o   -c /mnt/Volume_3/Gentoo/projects/CPlus/ImageView/build/CMakeFiles/CMakeTmp/CheckSymbolExists.c
Linking C executable cmTC_e5669
/usr/bin/cmake -E cmake_link_script CMakeFiles/cmTC_e5669.dir/link.txt --verbose=1
/usr/bin/cc      -rdynamic CMakeFiles/cmTC_e5669.dir/CheckSymbolExists.c.o  -o cmTC_e5669 
gmake[2]: Leaving directory '/mnt/Volume_3/Gentoo/projects/CPlus/ImageView/build/CMakeFiles/CMakeTmp'
gmake[1]: Leaving directory '/mnt/Volume_3/Gentoo/projects/CPlus/ImageView/build/CMakeFiles/CMakeTmp'

File /mnt/Volume_3/Gentoo/projects/CPlus/ImageView/build/CMakeFiles/CMakeTmp/CheckSymbolExists.c:
/* */
#include <stdlib.h>

int main(int argc, char** argv)
{
  (void)argv;
#ifndef __GLIBC__
  return ((int*)(&__GLIBC__))[argc];
#else
  (void)argc;
  return 0;
#endif
}

Performing C++ SOURCE FILE Test _OFFT_IS_64BIT succeeded with the following output:
Change Dir: /mnt/Volume_3/Gentoo/projects/CPlus/ImageView/build/CMakeFiles/CMakeTmp

Run Build Command:"/usr/bin/gmake" "cmTC_d2312/fast"
gmake[1]: Entering directory '/mnt/Volume_3/Gentoo/projects/CPlus/ImageView/build/CMakeFiles/CMakeTmp'
/usr/bin/gmake -f CMakeFiles/cmTC_d2312.dir/build.make CMakeFiles/cmTC_d2312.dir/build
gmake[2]: Entering directory '/mnt/Volume_3/Gentoo/projects/CPlus/ImageView/build/CMakeFiles/CMakeTmp'
Building CXX object CMakeFiles/cmTC_d2312.dir/src.cxx.o
/usr/bin/c++  -D_GNU_SOURCE -D_LARGEFILE64_SOURCE  -D_OFFT_IS_64BIT   -o CMakeFiles/cmTC_d2312.dir/src.cxx.o -c /mnt/Volume_3/Gentoo/projects/CPlus/ImageView/build/CMakeFiles/CMakeTmp/src.cxx
Linking CXX executable cmTC_d2312
/usr/bin/cmake -E cmake_link_script CMakeFiles/cmTC_d2312.dir/link.txt --verbose=1
/usr/bin/c++   -D_OFFT_IS_64BIT    -rdynamic CMakeFiles/cmTC_d2312.dir/src.cxx.o  -o cmTC_d2312 
gmake[2]: Leaving directory '/mnt/Volume_3/Gentoo/projects/CPlus/ImageView/build/CMakeFiles/CMakeTmp'
gmake[1]: Leaving directory '/mnt/Volume_3/Gentoo/projects/CPlus/ImageView/build/CMakeFiles/CMakeTmp'

Source file was:

#include <sys/types.h>
 /* Check that off_t can represent 2**63 - 1 correctly.
    We can't simply define LARGE_OFF_T to be 9223372036854775807,
    since some C++ compilers masquerading as C compilers
    incorrectly reject 9223372036854775807.  */
#define LARGE_OFF_T (((off_t) 1 << 62) - 1 + ((off_t) 1 << 62))
  int off_t_is_large[(LARGE_OFF_T % 2147483629 == 721 && LARGE_OFF_T % 2147483647 == 1) ? 1 : -1];
  int main() { return 0; }

Performing C++ SOURCE FILE Test HAVE_DATE_TIME succeeded with the following output:
Change Dir: /mnt/Volume_3/Gentoo/projects/CPlus/ImageView/build/CMakeFiles/CMakeTmp

Run Build Command:"/usr/bin/gmake" "cmTC_141ed/fast"
gmake[1]: Entering directory '/mnt/Volume_3/Gentoo/projects/CPlus/ImageView/build/CMakeFiles/CMakeTmp'
/usr/bin/gmake -f CMakeFiles/cmTC_141ed.dir/build.make CMakeFiles/cmTC_141ed.dir/build
gmake[2]: Entering directory '/mnt/Volume_3/Gentoo/projects/CPlus/ImageView/build/CMakeFiles/CMakeTmp'
Building CXX object CMakeFiles/cmTC_141ed.dir/src.cxx.o
/usr/bin/c++    -std=c++0x -fno-operator-names -fno-exceptions -Wall -Wextra -Wcast-align -Wchar-subscripts -Wformat-security -Wno-long-long -Wpointer-arith -Wundef -Wnon-virtual-dtor -Woverloaded-virtual -Werror=return-type -Wvla -DHAVE_DATE_TIME   -Wdate-time -o CMakeFiles/cmTC_141ed.dir/src.cxx.o -c /mnt/Volume_3/Gentoo/projects/CPlus/ImageView/build/CMakeFiles/CMakeTmp/src.cxx
Linking CXX executable cmTC_141ed
/usr/bin/cmake -E cmake_link_script CMakeFiles/cmTC_141ed.dir/link.txt --verbose=1
/usr/bin/c++   -std=c++0x -fno-operator-names -fno-exceptions -Wall -Wextra -Wcast-align -Wchar-subscripts -Wformat-security -Wno-long-long -Wpointer-arith -Wundef -Wnon-virtual-dtor -Woverloaded-virtual -Werror=return-type -Wvla -DHAVE_DATE_TIME    -rdynamic CMakeFiles/cmTC_141ed.dir/src.cxx.o  -o cmTC_141ed 
gmake[2]: Leaving directory '/mnt/Volume_3/Gentoo/projects/CPlus/ImageView/build/CMakeFiles/CMakeTmp'
gmake[1]: Leaving directory '/mnt/Volume_3/Gentoo/projects/CPlus/ImageView/build/CMakeFiles/CMakeTmp'

Source file was:
int main() { return 0; }
